<?xml version="1.0" encoding="UTF-8"?>
<testng-results skipped="0" failed="0" ignored="0" total="3" passed="3">
  <reporter-output>
  </reporter-output>
  <suite name="Default Suite" duration-ms="18" started-at="2022-07-19T19:24:46Z" finished-at="2022-07-19T19:24:46Z">
    <groups>
    </groups>
    <test name="untitled1" duration-ms="18" started-at="2022-07-19T19:24:46Z" finished-at="2022-07-19T19:24:46Z">
      <class name="Yum">
        <test-method status="PASS" signature="setup()[pri:1, instance:Yum@61443d8f]" name="setup" duration-ms="4" started-at="2022-07-19T19:24:46Z" finished-at="2022-07-19T19:24:46Z">
          <reporter-output>
          </reporter-output>
        </test-method> <!-- setup -->
        <test-method status="PASS" signature="tearDown()[pri:3, instance:Yum@61443d8f]" name="tearDown" duration-ms="0" started-at="2022-07-19T19:24:46Z" finished-at="2022-07-19T19:24:46Z">
          <reporter-output>
          </reporter-output>
        </test-method> <!-- tearDown -->
        <test-method status="PASS" signature="testSteps()[pri:2, instance:Yum@61443d8f]" name="testSteps" duration-ms="0" started-at="2022-07-19T19:24:46Z" finished-at="2022-07-19T19:24:46Z">
          <reporter-output>
          </reporter-output>
        </test-method> <!-- testSteps -->
      </class> <!-- Yum -->
    </test> <!-- untitled1 -->
  </suite> <!-- Default Suite -->
</testng-results>
